28408256 ON
28408265 ON
28408273 ON
28408324 ON
28408325 ON
28408327 ON
28408328 ON
28408329 ON
28408330 ON
28408331 ON
28408332 ON
28408333 ON
28408334 ON
28408336 ON
28408337 ON
28408338 ON
28408339 ON
28408340 ON
28408341 ON
28408342 ON
28408343 ON
28408345 ON
28408346 ON
28408347 ON
28408348 ON
28408349 ON
28408350 ON
28408369 ON
28408374 ON
28408376 ON
28408378 ON
28408379 ON
28408381 ON
28408382 ON
28408383 ON
28408384 ON
28408385 ON
28408386 ON
28408387 ON
28408388 ON
28408390 ON
28408391 ON
28408392 ON
28408393 ON
28408394 ON
28408395 ON
28408399 ON
28408400 ON
28408401 ON
28408402 ON
28408403 ON
28408404 ON
28408408 ON
28408409 ON
28408410 ON
28408411 ON
28408412 ON
28408413 ON
28408416 ON
28408417 ON
28408418 ON
28408419 ON
28408420 ON
28408421 ON
28408422 ON
28408437 ON
28408438 ON
28408439 ON
28408440 ON
28408444 ON
28408445 ON
28408446 ON
28408447 ON
28408448 ON
28408449 ON
28408453 ON
28408454 ON
28408455 ON
28408456 ON
28408457 ON
28408458 ON
28408462 ON
28408463 ON
28408464 ON
28408465 ON
28408466 ON
28408467 ON
28408471 ON
28408472 ON
28408473 ON
28408474 ON
28408475 ON
28408476 ON
28408480 ON
28408481 ON
28408482 ON
28408483 ON
28408484 ON
28408485 ON
28408489 ON
28408490 ON
28408491 ON
28408492 ON
28408493 ON
28408494 ON
28408507 ON
28408508 ON
28408509 ON
28408510 ON
28408511 ON
28408512 ON
28408516 ON
28408517 ON
28408518 ON
28408519 ON
28408520 ON
28408521 ON
28408525 ON
28408526 ON
28408527 ON
28408528 ON
28408529 ON
28408530 ON
28408534 ON
28408535 ON
28408536 ON
28408537 ON
28408538 ON
28408539 ON
