28408256,
28408265,
28408273,
28408324,
28408325,
28408327,
28408328,
28408329,
28408330,
28408331,
28408332,
28408333,
28408334,
28408336,
28408337,
28408338,
28408339,
28408340,
28408341,
28408342,
28408343,
28408345,
28408346,
28408347,
28408348,
28408349,
28408350,
28408369,
28408374,
28408376,
28408378,
28408379,
28408381,
28408382,
28408383,
28408384,
28408385,
28408386,
28408387,
28408388,
28408390,
28408391,
28408392,
28408393,
28408394,
28408395,
28408399,
28408400,
28408401,
28408402,
28408403,
28408404,
28408408,
28408409,
28408410,
28408411,
28408412,
28408413,
28408416,
28408417,
28408418,
28408419,
28408420,
28408421,
28408422,
28408437,
28408438,
28408439,
28408440,
28408444,
28408445,
28408446,
28408447,
28408448,
28408449,
28408453,
28408454,
28408455,
28408456,
28408457,
28408458,
28408462,
28408463,
28408464,
28408465,
28408466,
28408467,
28408471,
28408472,
28408473,
28408474,
28408475,
28408476,
28408480,
28408481,
28408482,
28408483,
28408484,
28408485,
28408489,
28408490,
28408491,
28408492,
28408493,
28408494,
28408507,
28408508,
28408509,
28408510,
28408511,
28408512,
28408516,
28408517,
28408518,
28408519,
28408520,
28408521,
28408525,
28408526,
28408527,
28408528,
28408529,
28408530,
28408534,
28408535,
28408536,
28408537,
28408538,
28408539