28408216,   primary P v_pre-apx-k0d12m1s0t0c16p0.sh     1   16     32G (null)                               
28408217,   primary P v_pre-apx-k0d12m1s0t0c16p1.sh     1   16     32G (null)                               
28408225,   primary P v_pre-apx-k1d12m1s0t0c16p0.sh     1   16     32G (null)                               
28408226,   primary P v_pre-apx-k1d12m1s0t0c16p1.sh     1   16     32G (null)                               
28408234,   primary P v_pre-exact-k0d12m1s0t0c16p0.s    1   16     32G (null)                               
28408235,   primary P v_pre-exact-k0d12m1s0t0c16p1.s    1   16     32G (null)                               
28408243,   primary P v_pre-exact-k1d12m1s0t0c16p0.s    1   16     32G (null)                               
28408244,   primary P v_pre-exact-k1d12m1s0t0c16p1.s    1   16     32G (null)                               
28408252,   primary P v_pre-kavr24-k0d10m1s0t0c16p0.    1   16     32G (null)                               
28408253,   primary P v_pre-kavr24-k0d10m1s0t0c16p1.    1   16     32G (null)                               
28408261,   primary P v_pre-kavr24-k0d11m1s0t0c16p0.    1   16     32G (null)                               
28408262,   primary P v_pre-kavr24-k0d11m1s0t0c16p1.    1   16     32G (null)                               
28408270,   primary P v_pre-kavr24-k0d12m1s0t0c16p0.    1   16     32G (null)                               
28408271,   primary P v_pre-kavr24-k0d12m1s0t0c16p1.    1   16     32G (null)                               
28408279,   primary P v_pre-kavr24-k0d5m1s0t0c16p0.s    1   16     32G (null)                               
28408280,   primary P v_pre-kavr24-k0d5m1s0t0c16p1.s    1   16     32G (null)                               
28408288,   primary P v_pre-kavr24-k0d6m1s0t0c16p0.s    1   16     32G (null)                               
28408289,   primary P v_pre-kavr24-k0d6m1s0t0c16p1.s    1   16     32G (null)                               
28408297,   primary P v_pre-kavr24-k0d7m1s0t0c16p0.s    1   16     32G (null)                               
28408298,   primary P v_pre-kavr24-k0d7m1s0t0c16p1.s    1   16     32G (null)                               
28408306,   primary P v_pre-kavr24-k0d8m1s0t0c16p0.s    1   16     32G (null)                               
28408307,   primary P v_pre-kavr24-k0d8m1s0t0c16p1.s    1   16     32G (null)                               
28408315,   primary P v_pre-kavr24-k0d9m1s0t0c16p0.s    1   16     32G (null)                               
28408316,   primary P v_pre-kavr24-k0d9m1s0t0c16p1.s    1   16     32G (null)                               
28408324,   primary P v_pre-kavr24-k1d10m1s0t0c16p0.    1   16     32G (null)                               
28408325,   primary P v_pre-kavr24-k1d10m1s0t0c16p1.    1   16     32G (null)                               
28408333,   primary P v_pre-kavr24-k1d11m1s0t0c16p0.    1   16     32G (null)                               
28408334,   primary P v_pre-kavr24-k1d11m1s0t0c16p1.    1   16     32G (null)                               
28408342,   primary P v_pre-kavr24-k1d12m1s0t0c16p0.    1   16     32G (null)                               
28408343,   primary P v_pre-kavr24-k1d12m1s0t0c16p1.    1   16     32G (null)                               
28408351,   primary P v_pre-kavr24-k1d5m1s0t0c16p0.s    1   16     32G (null)                               
28408352,   primary P v_pre-kavr24-k1d5m1s0t0c16p1.s    1   16     32G (null)                               
28408360,   primary P v_pre-kavr24-k1d6m1s0t0c16p0.s    1   16     32G (null)                               
28408361,   primary P v_pre-kavr24-k1d6m1s0t0c16p1.s    1   16     32G (null)                               
28408369,   primary P v_pre-kavr24-k1d7m1s0t0c16p0.s    1   16     32G (null)                               
28408370,   primary P v_pre-kavr24-k1d7m1s0t0c16p1.s    1   16     32G (null)                               
28408378,   primary P v_pre-kavr24-k1d8m1s0t0c16p0.s    1   16     32G (null)                               
28408379,   primary P v_pre-kavr24-k1d8m1s0t0c16p1.s    1   16     32G (null)                               
28408387,   primary P v_pre-kavr24-k1d9m1s0t0c16p0.s    1   16     32G (null)                               
28408388,   primary P v_pre-kavr24-k1d9m1s0t0c16p1.s    1   16     32G (null)                               
28408396,   primary P v_pre-row17-k0d10m1s0t0c16p0.s    1   16     32G (null)                               
28408397,   primary P v_pre-row17-k0d10m1s0t0c16p1.s    1   16     32G (null)                               
28408405,   primary P v_pre-row17-k0d11m1s0t0c16p0.s    1   16     32G (null)                               
28408406,   primary P v_pre-row17-k0d11m1s0t0c16p1.s    1   16     32G (null)                               
28408414,   primary P v_pre-row17-k0d12m1s0t0c16p0.s    1   16     32G (null)                               
28408415,   primary P v_pre-row17-k0d12m1s0t0c16p1.s    1   16     32G (null)                               
28408423,   primary P v_pre-row17-k0d5m1s0t0c16p0.sh    1   16     32G (null)                               
28408424,   primary P v_pre-row17-k0d5m1s0t0c16p1.sh    1   16     32G (null)                               
28408432,   primary P v_pre-row17-k0d6m1s0t0c16p0.sh    1   16     32G (null)                               
28408433,   primary P v_pre-row17-k0d6m1s0t0c16p1.sh    1   16     32G (null)                               
28408441,   primary P v_pre-row17-k0d7m1s0t0c16p0.sh    1   16     32G (null)                               
28408442,   primary P v_pre-row17-k0d7m1s0t0c16p1.sh    1   16     32G (null)                               
28408450,   primary P v_pre-row17-k0d8m1s0t0c16p0.sh    1   16     32G (null)                               
28408451,   primary P v_pre-row17-k0d8m1s0t0c16p1.sh    1   16     32G (null)                               
28408459,   primary P v_pre-row17-k0d9m1s0t0c16p0.sh    1   16     32G (null)                               
28408460,   primary P v_pre-row17-k0d9m1s0t0c16p1.sh    1   16     32G (null)                               
28408468,   primary P v_pre-row17-k1d10m1s0t0c16p0.s    1   16     32G (null)                               
28408469,   primary P v_pre-row17-k1d10m1s0t0c16p1.s    1   16     32G (null)                               
28408477,   primary P v_pre-row17-k1d11m1s0t0c16p0.s    1   16     32G (null)                               
28408478,   primary P v_pre-row17-k1d11m1s0t0c16p1.s    1   16     32G (null)                               
28408486,   primary P v_pre-row17-k1d12m1s0t0c16p0.s    1   16     32G (null)                               
28408487,   primary P v_pre-row17-k1d12m1s0t0c16p1.s    1   16     32G (null)                               
28408495,   primary P v_pre-row17-k1d5m1s0t0c16p0.sh    1   16     32G (null)                               
28408496,   primary P v_pre-row17-k1d5m1s0t0c16p1.sh    1   16     32G (null)                               
28408504,   primary P v_pre-row17-k1d6m1s0t0c16p0.sh    1   16     32G (null)                               
28408505,   primary P v_pre-row17-k1d6m1s0t0c16p1.sh    1   16     32G (null)                               
28408513,   primary P v_pre-row17-k1d7m1s0t0c16p0.sh    1   16     32G (null)                               
28408514,   primary P v_pre-row17-k1d7m1s0t0c16p1.sh    1   16     32G (null)                               
28408522,   primary P v_pre-row17-k1d8m1s0t0c16p0.sh    1   16     32G (null)                               
28408523,   primary P v_pre-row17-k1d8m1s0t0c16p1.sh    1   16     32G (null)                               
28408531,   primary P v_pre-row17-k1d9m1s0t0c16p0.sh    1   16     32G (null)                               
28408532,   primary P v_pre-row17-k1d9m1s0t0c16p1.sh    1   16     32G (null)                               
28408221,   primary P v_pre-apx-k0d12m1s0t0c4p0.sh      1    4     32G (null)                               
28408222,   primary P v_pre-apx-k0d12m1s0t0c4p1.sh      1    4     32G (null)                               
28408223,   primary P v_pre-apx-k0d12m1s0t0c8p0.sh      1    8     32G (null)                               
28408224,   primary P v_pre-apx-k0d12m1s0t0c8p1.sh      1    8     32G (null)                               
28408227,   primary P v_pre-apx-k1d12m1s0t0c1p0.sh      1    1     32G (null)                               
28408228,   primary P v_pre-apx-k1d12m1s0t0c2p0.sh      1    2     32G (null)                               
28408229,   primary P v_pre-apx-k1d12m1s0t0c2p1.sh      1    2     32G (null)                               
28408230,   primary P v_pre-apx-k1d12m1s0t0c4p0.sh      1    4     32G (null)                               
28408231,   primary P v_pre-apx-k1d12m1s0t0c4p1.sh      1    4     32G (null)                               
28408232,   primary P v_pre-apx-k1d12m1s0t0c8p0.sh      1    8     32G (null)                               
28408233,   primary P v_pre-apx-k1d12m1s0t0c8p1.sh      1    8     32G (null)                               
28408236,   primary P v_pre-exact-k0d12m1s0t0c1p0.sh    1    1     32G (null)                               
28408237,   primary P v_pre-exact-k0d12m1s0t0c2p0.sh    1    2     32G (null)                               
28408238,   primary P v_pre-exact-k0d12m1s0t0c2p1.sh    1    2     32G (null)                               
28408239,   primary P v_pre-exact-k0d12m1s0t0c4p0.sh    1    4     32G (null)                               
28408240,   primary P v_pre-exact-k0d12m1s0t0c4p1.sh    1    4     32G (null)                               
28408241,   primary P v_pre-exact-k0d12m1s0t0c8p0.sh    1    8     32G (null)                               
28408242,   primary P v_pre-exact-k0d12m1s0t0c8p1.sh    1    8     32G (null)                               
28408245,   primary P v_pre-exact-k1d12m1s0t0c1p0.sh    1    1     32G (null)                               
28408246,   primary P v_pre-exact-k1d12m1s0t0c2p0.sh    1    2     32G (null)                               
28408247,   primary P v_pre-exact-k1d12m1s0t0c2p1.sh    1    2     32G (null)                               
28408248,   primary P v_pre-exact-k1d12m1s0t0c4p0.sh    1    4     32G (null)                               
28408249,   primary P v_pre-exact-k1d12m1s0t0c4p1.sh    1    4     32G (null)                               
28408250,   primary P v_pre-exact-k1d12m1s0t0c8p0.sh    1    8     32G (null)                               
28408251,   primary P v_pre-exact-k1d12m1s0t0c8p1.sh    1    8     32G (null)                               
28408254,   primary P v_pre-kavr24-k0d10m1s0t0c1p0.s    1    1     32G (null)                               
28408255,   primary P v_pre-kavr24-k0d10m1s0t0c2p0.s    1    2     32G (null)                               
28408256,   primary P v_pre-kavr24-k0d10m1s0t0c2p1.s    1    2     32G (null)                               
28408257,   primary P v_pre-kavr24-k0d10m1s0t0c4p0.s    1    4     32G (null)                               
28408258,   primary P v_pre-kavr24-k0d10m1s0t0c4p1.s    1    4     32G (null)                               
28408259,   primary P v_pre-kavr24-k0d10m1s0t0c8p0.s    1    8     32G (null)                               
28408260,   primary P v_pre-kavr24-k0d10m1s0t0c8p1.s    1    8     32G (null)                               
28408263,   primary P v_pre-kavr24-k0d11m1s0t0c1p0.s    1    1     32G (null)                               
28408264,   primary P v_pre-kavr24-k0d11m1s0t0c2p0.s    1    2     32G (null)                               
28408265,   primary P v_pre-kavr24-k0d11m1s0t0c2p1.s    1    2     32G (null)                               
28408266,   primary P v_pre-kavr24-k0d11m1s0t0c4p0.s    1    4     32G (null)                               
28408267,   primary P v_pre-kavr24-k0d11m1s0t0c4p1.s    1    4     32G (null)                               
28408268,   primary P v_pre-kavr24-k0d11m1s0t0c8p0.s    1    8     32G (null)                               
28408269,   primary P v_pre-kavr24-k0d11m1s0t0c8p1.s    1    8     32G (null)                               
28408272,   primary P v_pre-kavr24-k0d12m1s0t0c1p0.s    1    1     32G (null)                               
28408273,   primary P v_pre-kavr24-k0d12m1s0t0c2p0.s    1    2     32G (null)                               
28408274,   primary P v_pre-kavr24-k0d12m1s0t0c2p1.s    1    2     32G (null)                               
28408275,   primary P v_pre-kavr24-k0d12m1s0t0c4p0.s    1    4     32G (null)                               
28408276,   primary P v_pre-kavr24-k0d12m1s0t0c4p1.s    1    4     32G (null)                               
28408277,   primary P v_pre-kavr24-k0d12m1s0t0c8p0.s    1    8     32G (null)                               
28408278,   primary P v_pre-kavr24-k0d12m1s0t0c8p1.s    1    8     32G (null)                               
28408281,   primary P v_pre-kavr24-k0d5m1s0t0c1p0.sh    1    1     32G (null)                               
28408282,   primary P v_pre-kavr24-k0d5m1s0t0c2p0.sh    1    2     32G (null)                               
28408283,   primary P v_pre-kavr24-k0d5m1s0t0c2p1.sh    1    2     32G (null)                               
28408284,   primary P v_pre-kavr24-k0d5m1s0t0c4p0.sh    1    4     32G (null)                               
28408285,   primary P v_pre-kavr24-k0d5m1s0t0c4p1.sh    1    4     32G (null)                               
28408286,   primary P v_pre-kavr24-k0d5m1s0t0c8p0.sh    1    8     32G (null)                               
28408287,   primary P v_pre-kavr24-k0d5m1s0t0c8p1.sh    1    8     32G (null)                               
28408290,   primary P v_pre-kavr24-k0d6m1s0t0c1p0.sh    1    1     32G (null)                               
28408291,   primary P v_pre-kavr24-k0d6m1s0t0c2p0.sh    1    2     32G (null)                               
28408292,   primary P v_pre-kavr24-k0d6m1s0t0c2p1.sh    1    2     32G (null)                               
28408293,   primary P v_pre-kavr24-k0d6m1s0t0c4p0.sh    1    4     32G (null)                               
28408294,   primary P v_pre-kavr24-k0d6m1s0t0c4p1.sh    1    4     32G (null)                               
28408295,   primary P v_pre-kavr24-k0d6m1s0t0c8p0.sh    1    8     32G (null)                               
28408296,   primary P v_pre-kavr24-k0d6m1s0t0c8p1.sh    1    8     32G (null)                               
28408299,   primary P v_pre-kavr24-k0d7m1s0t0c1p0.sh    1    1     32G (null)                               
28408300,   primary P v_pre-kavr24-k0d7m1s0t0c2p0.sh    1    2     32G (null)                               
28408301,   primary P v_pre-kavr24-k0d7m1s0t0c2p1.sh    1    2     32G (null)                               
28408302,   primary P v_pre-kavr24-k0d7m1s0t0c4p0.sh    1    4     32G (null)                               
28408303,   primary P v_pre-kavr24-k0d7m1s0t0c4p1.sh    1    4     32G (null)                               
28408304,   primary P v_pre-kavr24-k0d7m1s0t0c8p0.sh    1    8     32G (null)                               
28408305,   primary P v_pre-kavr24-k0d7m1s0t0c8p1.sh    1    8     32G (null)                               
28408308,   primary P v_pre-kavr24-k0d8m1s0t0c1p0.sh    1    1     32G (null)                               
28408309,   primary P v_pre-kavr24-k0d8m1s0t0c2p0.sh    1    2     32G (null)                               
28408310,   primary P v_pre-kavr24-k0d8m1s0t0c2p1.sh    1    2     32G (null)                               
28408311,   primary P v_pre-kavr24-k0d8m1s0t0c4p0.sh    1    4     32G (null)                               
28408312,   primary P v_pre-kavr24-k0d8m1s0t0c4p1.sh    1    4     32G (null)                               
28408313,   primary P v_pre-kavr24-k0d8m1s0t0c8p0.sh    1    8     32G (null)                               
28408314,   primary P v_pre-kavr24-k0d8m1s0t0c8p1.sh    1    8     32G (null)                               
28408317,   primary P v_pre-kavr24-k0d9m1s0t0c1p0.sh    1    1     32G (null)                               
28408318,   primary P v_pre-kavr24-k0d9m1s0t0c2p0.sh    1    2     32G (null)                               
28408319,   primary P v_pre-kavr24-k0d9m1s0t0c2p1.sh    1    2     32G (null)                               
28408320,   primary P v_pre-kavr24-k0d9m1s0t0c4p0.sh    1    4     32G (null)                               
28408321,   primary P v_pre-kavr24-k0d9m1s0t0c4p1.sh    1    4     32G (null)                               
28408322,   primary P v_pre-kavr24-k0d9m1s0t0c8p0.sh    1    8     32G (null)                               
28408323,   primary P v_pre-kavr24-k0d9m1s0t0c8p1.sh    1    8     32G (null)                               
28408326,   primary P v_pre-kavr24-k1d10m1s0t0c1p0.s    1    1     32G (null)                               
28408327,   primary P v_pre-kavr24-k1d10m1s0t0c2p0.s    1    2     32G (null)                               
28408328,   primary P v_pre-kavr24-k1d10m1s0t0c2p1.s    1    2     32G (null)                               
28408329,   primary P v_pre-kavr24-k1d10m1s0t0c4p0.s    1    4     32G (null)                               
28408330,   primary P v_pre-kavr24-k1d10m1s0t0c4p1.s    1    4     32G (null)                               
28408331,   primary P v_pre-kavr24-k1d10m1s0t0c8p0.s    1    8     32G (null)                               
28408332,   primary P v_pre-kavr24-k1d10m1s0t0c8p1.s    1    8     32G (null)                               
28408335,   primary P v_pre-kavr24-k1d11m1s0t0c1p0.s    1    1     32G (null)                               
28408336,   primary P v_pre-kavr24-k1d11m1s0t0c2p0.s    1    2     32G (null)                               
28408337,   primary P v_pre-kavr24-k1d11m1s0t0c2p1.s    1    2     32G (null)                               
28408338,   primary P v_pre-kavr24-k1d11m1s0t0c4p0.s    1    4     32G (null)                               
28408339,   primary P v_pre-kavr24-k1d11m1s0t0c4p1.s    1    4     32G (null)                               
28408340,   primary P v_pre-kavr24-k1d11m1s0t0c8p0.s    1    8     32G (null)                               
28408341,   primary P v_pre-kavr24-k1d11m1s0t0c8p1.s    1    8     32G (null)                               
28408344,   primary P v_pre-kavr24-k1d12m1s0t0c1p0.s    1    1     32G (null)                               
28408345,   primary P v_pre-kavr24-k1d12m1s0t0c2p0.s    1    2     32G (null)                               
28408346,   primary P v_pre-kavr24-k1d12m1s0t0c2p1.s    1    2     32G (null)                               
28408347,   primary P v_pre-kavr24-k1d12m1s0t0c4p0.s    1    4     32G (null)                               
28408348,   primary P v_pre-kavr24-k1d12m1s0t0c4p1.s    1    4     32G (null)                               
28408349,   primary P v_pre-kavr24-k1d12m1s0t0c8p0.s    1    8     32G (null)                               
28408350,   primary P v_pre-kavr24-k1d12m1s0t0c8p1.s    1    8     32G (null)                               
28408353,   primary P v_pre-kavr24-k1d5m1s0t0c1p0.sh    1    1     32G (null)                               
28408354,   primary P v_pre-kavr24-k1d5m1s0t0c2p0.sh    1    2     32G (null)                               
28408355,   primary P v_pre-kavr24-k1d5m1s0t0c2p1.sh    1    2     32G (null)                               
28408356,   primary P v_pre-kavr24-k1d5m1s0t0c4p0.sh    1    4     32G (null)                               
28408357,   primary P v_pre-kavr24-k1d5m1s0t0c4p1.sh    1    4     32G (null)                               
28408358,   primary P v_pre-kavr24-k1d5m1s0t0c8p0.sh    1    8     32G (null)                               
28408359,   primary P v_pre-kavr24-k1d5m1s0t0c8p1.sh    1    8     32G (null)                               
28408362,   primary P v_pre-kavr24-k1d6m1s0t0c1p0.sh    1    1     32G (null)                               
28408363,   primary P v_pre-kavr24-k1d6m1s0t0c2p0.sh    1    2     32G (null)                               
28408364,   primary P v_pre-kavr24-k1d6m1s0t0c2p1.sh    1    2     32G (null)                               
28408365,   primary P v_pre-kavr24-k1d6m1s0t0c4p0.sh    1    4     32G (null)                               
28408366,   primary P v_pre-kavr24-k1d6m1s0t0c4p1.sh    1    4     32G (null)                               
28408367,   primary P v_pre-kavr24-k1d6m1s0t0c8p0.sh    1    8     32G (null)                               
28408368,   primary P v_pre-kavr24-k1d6m1s0t0c8p1.sh    1    8     32G (null)                               
28408371,   primary P v_pre-kavr24-k1d7m1s0t0c1p0.sh    1    1     32G (null)                               
28408372,   primary P v_pre-kavr24-k1d7m1s0t0c2p0.sh    1    2     32G (null)                               
28408373,   primary P v_pre-kavr24-k1d7m1s0t0c2p1.sh    1    2     32G (null)                               
28408374,   primary P v_pre-kavr24-k1d7m1s0t0c4p0.sh    1    4     32G (null)                               
28408375,   primary P v_pre-kavr24-k1d7m1s0t0c4p1.sh    1    4     32G (null)                               
28408376,   primary P v_pre-kavr24-k1d7m1s0t0c8p0.sh    1    8     32G (null)                               
28408377,   primary P v_pre-kavr24-k1d7m1s0t0c8p1.sh    1    8     32G (null)                               
28408380,   primary P v_pre-kavr24-k1d8m1s0t0c1p0.sh    1    1     32G (null)                               
28408381,   primary P v_pre-kavr24-k1d8m1s0t0c2p0.sh    1    2     32G (null)                               
28408382,   primary P v_pre-kavr24-k1d8m1s0t0c2p1.sh    1    2     32G (null)                               
28408383,   primary P v_pre-kavr24-k1d8m1s0t0c4p0.sh    1    4     32G (null)                               
28408384,   primary P v_pre-kavr24-k1d8m1s0t0c4p1.sh    1    4     32G (null)                               
28408385,   primary P v_pre-kavr24-k1d8m1s0t0c8p0.sh    1    8     32G (null)                               
28408386,   primary P v_pre-kavr24-k1d8m1s0t0c8p1.sh    1    8     32G (null)                               
28408389,   primary P v_pre-kavr24-k1d9m1s0t0c1p0.sh    1    1     32G (null)                               
28408390,   primary P v_pre-kavr24-k1d9m1s0t0c2p0.sh    1    2     32G (null)                               
28408391,   primary P v_pre-kavr24-k1d9m1s0t0c2p1.sh    1    2     32G (null)                               
28408392,   primary P v_pre-kavr24-k1d9m1s0t0c4p0.sh    1    4     32G (null)                               
28408393,   primary P v_pre-kavr24-k1d9m1s0t0c4p1.sh    1    4     32G (null)                               
28408394,   primary P v_pre-kavr24-k1d9m1s0t0c8p0.sh    1    8     32G (null)                               
28408395,   primary P v_pre-kavr24-k1d9m1s0t0c8p1.sh    1    8     32G (null)                               
28408398,   primary P v_pre-row17-k0d10m1s0t0c1p0.sh    1    1     32G (null)                               
28408399,   primary P v_pre-row17-k0d10m1s0t0c2p0.sh    1    2     32G (null)                               
28408400,   primary P v_pre-row17-k0d10m1s0t0c2p1.sh    1    2     32G (null)                               
28408401,   primary P v_pre-row17-k0d10m1s0t0c4p0.sh    1    4     32G (null)                               
28408402,   primary P v_pre-row17-k0d10m1s0t0c4p1.sh    1    4     32G (null)                               
28408403,   primary P v_pre-row17-k0d10m1s0t0c8p0.sh    1    8     32G (null)                               
28408404,   primary P v_pre-row17-k0d10m1s0t0c8p1.sh    1    8     32G (null)                               
28408407,   primary P v_pre-row17-k0d11m1s0t0c1p0.sh    1    1     32G (null)                               
28408408,   primary P v_pre-row17-k0d11m1s0t0c2p0.sh    1    2     32G (null)                               
28408409,   primary P v_pre-row17-k0d11m1s0t0c2p1.sh    1    2     32G (null)                               
28408410,   primary P v_pre-row17-k0d11m1s0t0c4p0.sh    1    4     32G (null)                               
28408411,   primary P v_pre-row17-k0d11m1s0t0c4p1.sh    1    4     32G (null)                               
28408412,   primary P v_pre-row17-k0d11m1s0t0c8p0.sh    1    8     32G (null)                               
28408413,   primary P v_pre-row17-k0d11m1s0t0c8p1.sh    1    8     32G (null)                               
28408416,   primary P v_pre-row17-k0d12m1s0t0c1p0.sh    1    1     32G (null)                               
28408417,   primary P v_pre-row17-k0d12m1s0t0c2p0.sh    1    2     32G (null)                               
28408418,   primary P v_pre-row17-k0d12m1s0t0c2p1.sh    1    2     32G (null)                               
28408419,   primary P v_pre-row17-k0d12m1s0t0c4p0.sh    1    4     32G (null)                               
28408420,   primary P v_pre-row17-k0d12m1s0t0c4p1.sh    1    4     32G (null)                               
28408421,   primary P v_pre-row17-k0d12m1s0t0c8p0.sh    1    8     32G (null)                               
28408422,   primary P v_pre-row17-k0d12m1s0t0c8p1.sh    1    8     32G (null)                               
28408425,   primary P v_pre-row17-k0d5m1s0t0c1p0.sh     1    1     32G (null)                               
28408426,   primary P v_pre-row17-k0d5m1s0t0c2p0.sh     1    2     32G (null)                               
28408427,   primary P v_pre-row17-k0d5m1s0t0c2p1.sh     1    2     32G (null)                               
28408428,   primary P v_pre-row17-k0d5m1s0t0c4p0.sh     1    4     32G (null)                               
28408429,   primary P v_pre-row17-k0d5m1s0t0c4p1.sh     1    4     32G (null)                               
28408430,   primary P v_pre-row17-k0d5m1s0t0c8p0.sh     1    8     32G (null)                               
28408431,   primary P v_pre-row17-k0d5m1s0t0c8p1.sh     1    8     32G (null)                               
28408434,   primary P v_pre-row17-k0d6m1s0t0c1p0.sh     1    1     32G (null)                               
28408435,   primary P v_pre-row17-k0d6m1s0t0c2p0.sh     1    2     32G (null)                               
28408436,   primary P v_pre-row17-k0d6m1s0t0c2p1.sh     1    2     32G (null)                               
28408437,   primary P v_pre-row17-k0d6m1s0t0c4p0.sh     1    4     32G (null)                               
28408438,   primary P v_pre-row17-k0d6m1s0t0c4p1.sh     1    4     32G (null)                               
28408439,   primary P v_pre-row17-k0d6m1s0t0c8p0.sh     1    8     32G (null)                               
28408440,   primary P v_pre-row17-k0d6m1s0t0c8p1.sh     1    8     32G (null)                               
28408443,   primary P v_pre-row17-k0d7m1s0t0c1p0.sh     1    1     32G (null)                               
28408444,   primary P v_pre-row17-k0d7m1s0t0c2p0.sh     1    2     32G (null)                               
28408445,   primary P v_pre-row17-k0d7m1s0t0c2p1.sh     1    2     32G (null)                               
28408446,   primary P v_pre-row17-k0d7m1s0t0c4p0.sh     1    4     32G (null)                               
28408447,   primary P v_pre-row17-k0d7m1s0t0c4p1.sh     1    4     32G (null)                               
28408448,   primary P v_pre-row17-k0d7m1s0t0c8p0.sh     1    8     32G (null)                               
28408449,   primary P v_pre-row17-k0d7m1s0t0c8p1.sh     1    8     32G (null)                               
28408452,   primary P v_pre-row17-k0d8m1s0t0c1p0.sh     1    1     32G (null)                               
28408453,   primary P v_pre-row17-k0d8m1s0t0c2p0.sh     1    2     32G (null)                               
28408454,   primary P v_pre-row17-k0d8m1s0t0c2p1.sh     1    2     32G (null)                               
28408455,   primary P v_pre-row17-k0d8m1s0t0c4p0.sh     1    4     32G (null)                               
28408456,   primary P v_pre-row17-k0d8m1s0t0c4p1.sh     1    4     32G (null)                               
28408457,   primary P v_pre-row17-k0d8m1s0t0c8p0.sh     1    8     32G (null)                               
28408458,   primary P v_pre-row17-k0d8m1s0t0c8p1.sh     1    8     32G (null)                               
28408461,   primary P v_pre-row17-k0d9m1s0t0c1p0.sh     1    1     32G (null)                               
28408462,   primary P v_pre-row17-k0d9m1s0t0c2p0.sh     1    2     32G (null)                               
28408463,   primary P v_pre-row17-k0d9m1s0t0c2p1.sh     1    2     32G (null)                               
28408464,   primary P v_pre-row17-k0d9m1s0t0c4p0.sh     1    4     32G (null)                               
28408465,   primary P v_pre-row17-k0d9m1s0t0c4p1.sh     1    4     32G (null)                               
28408466,   primary P v_pre-row17-k0d9m1s0t0c8p0.sh     1    8     32G (null)                               
28408467,   primary P v_pre-row17-k0d9m1s0t0c8p1.sh     1    8     32G (null)                               
28408470,   primary P v_pre-row17-k1d10m1s0t0c1p0.sh    1    1     32G (null)                               
28408471,   primary P v_pre-row17-k1d10m1s0t0c2p0.sh    1    2     32G (null)                               
28408472,   primary P v_pre-row17-k1d10m1s0t0c2p1.sh    1    2     32G (null)                               
28408473,   primary P v_pre-row17-k1d10m1s0t0c4p0.sh    1    4     32G (null)                               
28408474,   primary P v_pre-row17-k1d10m1s0t0c4p1.sh    1    4     32G (null)                               
28408475,   primary P v_pre-row17-k1d10m1s0t0c8p0.sh    1    8     32G (null)                               
28408476,   primary P v_pre-row17-k1d10m1s0t0c8p1.sh    1    8     32G (null)                               
28408479,   primary P v_pre-row17-k1d11m1s0t0c1p0.sh    1    1     32G (null)                               
28408480,   primary P v_pre-row17-k1d11m1s0t0c2p0.sh    1    2     32G (null)                               
28408481,   primary P v_pre-row17-k1d11m1s0t0c2p1.sh    1    2     32G (null)                               
28408482,   primary P v_pre-row17-k1d11m1s0t0c4p0.sh    1    4     32G (null)                               
28408483,   primary P v_pre-row17-k1d11m1s0t0c4p1.sh    1    4     32G (null)                               
28408484,   primary P v_pre-row17-k1d11m1s0t0c8p0.sh    1    8     32G (null)                               
28408485,   primary P v_pre-row17-k1d11m1s0t0c8p1.sh    1    8     32G (null)                               
28408488,   primary P v_pre-row17-k1d12m1s0t0c1p0.sh    1    1     32G (null)                               
28408489,   primary P v_pre-row17-k1d12m1s0t0c2p0.sh    1    2     32G (null)                               
28408490,   primary P v_pre-row17-k1d12m1s0t0c2p1.sh    1    2     32G (null)                               
28408491,   primary P v_pre-row17-k1d12m1s0t0c4p0.sh    1    4     32G (null)                               
28408492,   primary P v_pre-row17-k1d12m1s0t0c4p1.sh    1    4     32G (null)                               
28408493,   primary P v_pre-row17-k1d12m1s0t0c8p0.sh    1    8     32G (null)                               
28408494,   primary P v_pre-row17-k1d12m1s0t0c8p1.sh    1    8     32G (null)                               
28408497,   primary P v_pre-row17-k1d5m1s0t0c1p0.sh     1    1     32G (null)                               
28408498,   primary P v_pre-row17-k1d5m1s0t0c2p0.sh     1    2     32G (null)                               
28408499,   primary P v_pre-row17-k1d5m1s0t0c2p1.sh     1    2     32G (null)                               
28408500,   primary P v_pre-row17-k1d5m1s0t0c4p0.sh     1    4     32G (null)                               
28408501,   primary P v_pre-row17-k1d5m1s0t0c4p1.sh     1    4     32G (null)                               
28408502,   primary P v_pre-row17-k1d5m1s0t0c8p0.sh     1    8     32G (null)                               
28408503,   primary P v_pre-row17-k1d5m1s0t0c8p1.sh     1    8     32G (null)                               
28408506,   primary P v_pre-row17-k1d6m1s0t0c1p0.sh     1    1     32G (null)                               
28408507,   primary P v_pre-row17-k1d6m1s0t0c2p0.sh     1    2     32G (null)                               
28408508,   primary P v_pre-row17-k1d6m1s0t0c2p1.sh     1    2     32G (null)                               
28408509,   primary P v_pre-row17-k1d6m1s0t0c4p0.sh     1    4     32G (null)                               
28408510,   primary P v_pre-row17-k1d6m1s0t0c4p1.sh     1    4     32G (null)                               
28408511,   primary P v_pre-row17-k1d6m1s0t0c8p0.sh     1    8     32G (null)                               
28408512,   primary P v_pre-row17-k1d6m1s0t0c8p1.sh     1    8     32G (null)                               
28408515,   primary P v_pre-row17-k1d7m1s0t0c1p0.sh     1    1     32G (null)                               
28408516,   primary P v_pre-row17-k1d7m1s0t0c2p0.sh     1    2     32G (null)                               
28408517,   primary P v_pre-row17-k1d7m1s0t0c2p1.sh     1    2     32G (null)                               
28408518,   primary P v_pre-row17-k1d7m1s0t0c4p0.sh     1    4     32G (null)                               
28408519,   primary P v_pre-row17-k1d7m1s0t0c4p1.sh     1    4     32G (null)                               
28408520,   primary P v_pre-row17-k1d7m1s0t0c8p0.sh     1    8     32G (null)                               
28408521,   primary P v_pre-row17-k1d7m1s0t0c8p1.sh     1    8     32G (null)                               
28408524,   primary P v_pre-row17-k1d8m1s0t0c1p0.sh     1    1     32G (null)                               
28408525,   primary P v_pre-row17-k1d8m1s0t0c2p0.sh     1    2     32G (null)                               
28408526,   primary P v_pre-row17-k1d8m1s0t0c2p1.sh     1    2     32G (null)                               
28408527,   primary P v_pre-row17-k1d8m1s0t0c4p0.sh     1    4     32G (null)                               
28408528,   primary P v_pre-row17-k1d8m1s0t0c4p1.sh     1    4     32G (null)                               
28408529,   primary P v_pre-row17-k1d8m1s0t0c8p0.sh     1    8     32G (null)                               
28408530,   primary P v_pre-row17-k1d8m1s0t0c8p1.sh     1    8     32G (null)                               
28408533,   primary P v_pre-row17-k1d9m1s0t0c1p0.sh     1    1     32G (null)                               
28408534,   primary P v_pre-row17-k1d9m1s0t0c2p0.sh     1    2     32G (null)                               
28408535,   primary P v_pre-row17-k1d9m1s0t0c2p1.sh     1    2     32G (null)                               
28408536,   primary P v_pre-row17-k1d9m1s0t0c4p0.sh     1    4     32G (null)                               
28408537,   primary P v_pre-row17-k1d9m1s0t0c4p1.sh     1    4     32G (null)                               
28408538,   primary P v_pre-row17-k1d9m1s0t0c8p0.sh     1    8     32G (null)                               
28408539,   primary P v_pre-row17-k1d9m1s0t0c8p1.sh     1    8     32G (null)                               
   JOBID,       QOS S NAME                           NODE CPUS MIN_MEM FEATURES           NODELIST          
,